mode: atomic
github.com/benlaplanche/cf-basic-auth-route-service/routeserver/utils/utils.go:8.43,23.2 5 3
github.com/benlaplanche/cf-basic-auth-route-service/routeserver/utils/utils.go:25.47,33.2 4 3
github.com/benlaplanche/cf-basic-auth-route-service/routeserver/utils/utils.go:35.42,37.2 1 3
github.com/benlaplanche/cf-basic-auth-route-service/routeserver/utils/utils.go:39.51,43.2 2 3
github.com/benlaplanche/cf-basic-auth-route-service/routeserver/utils/utils.go:45.41,48.34 2 3
github.com/benlaplanche/cf-basic-auth-route-service/routeserver/utils/utils.go:52.2,52.15 1 3
github.com/benlaplanche/cf-basic-auth-route-service/routeserver/utils/utils.go:48.34,50.3 1 16
